<?xml version="1.0" encoding="UTF-8"?>
<testng-results ignored="0" total="4" passed="4" failed="0" skipped="0">
  <reporter-output>
  </reporter-output>
  <suite started-at="2021-07-28T22:55:47 BST" name="Default suite" finished-at="2021-07-28T22:56:22 BST" duration-ms="35105">
    <groups>
    </groups>
    <test started-at="2021-07-28T22:55:47 BST" name="Default test" finished-at="2021-07-28T22:56:22 BST" duration-ms="35105">
      <class name="utils.ExcelDateProvider">
        <test-method is-config="true" signature="setUp()[pri:0, instance:utils.ExcelDateProvider@4a8355dd]" started-at="2021-07-28T22:55:47 BST" name="setUp" finished-at="2021-07-28T22:55:47 BST" duration-ms="135" status="PASS">
          <reporter-output>
          </reporter-output>
        </test-method> <!-- setUp -->
        <test-method is-config="true" signature="setUpTest()[pri:0, instance:utils.ExcelDateProvider@4a8355dd]" started-at="2021-07-28T22:55:47 BST" name="setUpTest" finished-at="2021-07-28T22:55:56 BST" duration-ms="8830" status="PASS">
          <reporter-output>
          </reporter-output>
        </test-method> <!-- setUpTest -->
        <test-method signature="test1(java.lang.String,java.lang.String)[pri:0, instance:utils.ExcelDateProvider@4a8355dd]" started-at="2021-07-28T22:55:56 BST" name="test1" data-provider="test1data" finished-at="2021-07-28T22:56:01 BST" duration-ms="4737" status="PASS">
          <params>
            <param index="0">
              <value>
                <![CDATA[Admin55]]>
              </value>
            </param>
            <param index="1">
              <value>
                <![CDATA[admin12355]]>
              </value>
            </param>
          </params>
          <reporter-output>
          </reporter-output>
        </test-method> <!-- test1 -->
        <test-method signature="test1(java.lang.String,java.lang.String)[pri:0, instance:utils.ExcelDateProvider@4a8355dd]" started-at="2021-07-28T22:56:01 BST" name="test1" data-provider="test1data" finished-at="2021-07-28T22:56:06 BST" duration-ms="4563" status="PASS">
          <params>
            <param index="0">
              <value>
                <![CDATA[af]]>
              </value>
            </param>
            <param index="1">
              <value>
                <![CDATA[admin1zaf23]]>
              </value>
            </param>
          </params>
          <reporter-output>
          </reporter-output>
        </test-method> <!-- test1 -->
        <test-method signature="test1(java.lang.String,java.lang.String)[pri:0, instance:utils.ExcelDateProvider@4a8355dd]" started-at="2021-07-28T22:56:06 BST" name="test1" data-provider="test1data" finished-at="2021-07-28T22:56:10 BST" duration-ms="4728" status="PASS">
          <params>
            <param index="0">
              <value>
                <![CDATA[Admin2]]>
              </value>
            </param>
            <param index="1">
              <value>
                <![CDATA[admin12354]]>
              </value>
            </param>
          </params>
          <reporter-output>
          </reporter-output>
        </test-method> <!-- test1 -->
        <test-method signature="test1(java.lang.String,java.lang.String)[pri:0, instance:utils.ExcelDateProvider@4a8355dd]" started-at="2021-07-28T22:56:10 BST" name="test1" data-provider="test1data" finished-at="2021-07-28T22:56:18 BST" duration-ms="7218" status="PASS">
          <params>
            <param index="0">
              <value>
                <![CDATA[Admin]]>
              </value>
            </param>
            <param index="1">
              <value>
                <![CDATA[admin123]]>
              </value>
            </param>
          </params>
          <reporter-output>
          </reporter-output>
        </test-method> <!-- test1 -->
        <test-method is-config="true" signature="tearDownTest()[pri:0, instance:utils.ExcelDateProvider@4a8355dd]" started-at="2021-07-28T22:56:18 BST" name="tearDownTest" finished-at="2021-07-28T22:56:22 BST" duration-ms="4529" status="PASS">
          <reporter-output>
          </reporter-output>
        </test-method> <!-- tearDownTest -->
        <test-method is-config="true" signature="tearDown()[pri:0, instance:utils.ExcelDateProvider@4a8355dd]" started-at="2021-07-28T22:56:22 BST" name="tearDown" finished-at="2021-07-28T22:56:22 BST" duration-ms="0" status="PASS">
          <reporter-output>
          </reporter-output>
        </test-method> <!-- tearDown -->
      </class> <!-- utils.ExcelDateProvider -->
    </test> <!-- Default test -->
  </suite> <!-- Default suite -->
</testng-results>
