<?xml version="1.0" encoding="UTF-8"?>
<!-- Generated by org.testng.reporters.JUnitXMLReporter -->
<testsuite ignored="1" hostname="DESKTOP-S4R4SLE" failures="1" tests="2" name="Default test(failed)" time="0.037" errors="0" timestamp="2021-07-28T01:30:59 BST">
  <testcase classname="demo.testNGRetryFailedDemo" name="test2" time="0.006"/>
  <testcase classname="demo.testNGRetryFailedDemo" name="test3" time="0.003">
    <failure type="java.lang.AssertionError" message="expected [true] but found [false]">
      <![CDATA[java.lang.AssertionError: expected [true] but found [false]
at demo.testNGRetryFailedDemo.test3(testNGRetryFailedDemo.java:27)
at java.base/java.util.ArrayList.forEach(ArrayList.java:1511)
... Removed 31 stack frames]]>
    </failure>
  </testcase> <!-- test3 -->
  <testcase classname="demo.testNGRetryFailedDemo" name="test1" time="0.0">
    <ignored/>
  </testcase> <!-- test1 -->
</testsuite> <!-- Default test(failed) -->
