<?xml version="1.0" encoding="UTF-8"?>
<!-- Generated by org.testng.reporters.JUnitXMLReporter -->
<testsuite ignored="0" hostname="DESKTOP-S4R4SLE" failures="0" tests="4" name="Default test" time="35.105" errors="0" timestamp="2021-07-28T22:56:22 BST">
  <testcase classname="utils.ExcelDateProvider" name="test1" time="4.737"/>
  <testcase classname="utils.ExcelDateProvider" name="test1" time="4.563"/>
  <testcase classname="utils.ExcelDateProvider" name="test1" time="4.728"/>
  <testcase classname="utils.ExcelDateProvider" name="test1" time="7.218"/>
</testsuite> <!-- Default test -->
